<?xml version="1.0" encoding="UTF-8"?>
<!-- Generated by org.testng.reporters.JUnitReportReporter -->
<testsuite hostname="aninditas-mbp2.lan" failures="0" tests="1" name="com.MainTests" time="25.828" errors="0" timestamp="2022-03-11T14:56:47 EST" skipped="0">
  <testcase classname="com.MainTests" name="test1" time="25.828"/>
  <system-out/>
</testsuite> <!-- com.MainTests -->
