<?xml version="1.0" encoding="UTF-8"?>
<!-- Generated by org.testng.reporters.JUnitReportReporter -->
<testsuite hostname="aninditas-mbp2.lan" failures="0" tests="1" name="com.AppTest" time="0.005" errors="0" timestamp="2022-04-01T13:22:37 EDT" skipped="0">
  <testcase classname="com.AppTest" name="shouldAnswerWithTrue" time="0.005"/>
  <system-out/>
</testsuite> <!-- com.AppTest -->
