<?xml version="1.0" encoding="UTF-8"?>
<!-- Generated by org.testng.reporters.JUnitReportReporter -->
<testsuite hostname="aninditas-mbp2.lan" failures="0" tests="1" name="com.AppTest" time="0.009" errors="0" timestamp="2022-03-11T14:58:54 EST" skipped="0">
  <testcase classname="com.AppTest" name="shouldAnswerWithTrue" time="0.009"/>
  <system-out/>
</testsuite> <!-- com.AppTest -->
