<?xml version="1.0" encoding="UTF-8"?>
<!-- Generated by org.testng.reporters.JUnitReportReporter -->
<testsuite hostname="aninditas-mbp2.lan" failures="0" tests="1" name="com.AppTest" time="0.028" errors="0" timestamp="2022-03-09T15:33:21 EST" skipped="0">
  <testcase classname="com.AppTest" name="shouldAnswerWithTrue" time="0.028"/>
  <system-out/>
</testsuite> <!-- com.AppTest -->
